app/build/intermediates/manifest_merge_blame_file/debug/manifest-merger-blame-debug-report.txt
1<?xml version="1.0" encoding="utf-8"?>
2<manifest xmlns:android="http://schemas.android.com/apk/res/android"
3    package="com.bsc.protonbusmodscom"
4    android:versionCode="5"
5    android:versionName="2.2" >
6
7    <uses-sdk
8        android:minSdkVersion="21"
8-->src\main\AndroidManifest.xml
9        android:targetSdkVersion="31" />
9-->src\main\AndroidManifest.xml
10
11    <uses-permission android:name="android.permission.INTERNET" />
11-->src\main\AndroidManifest.xml:32:5-67
11-->src\main\AndroidManifest.xml:32:22-64
12    <uses-permission android:name="android.permission.ACCESS_NETWORK_STATE" />
12-->src\main\AndroidManifest.xml:33:5-79
12-->src\main\AndroidManifest.xml:33:22-76
13    <uses-permission android:name="android.permission.WRITE_EXTERNAL_STORAGE" />
13-->src\main\AndroidManifest.xml:34:5-80
13-->src\main\AndroidManifest.xml:34:22-78
14    <uses-permission android:name="android.permission.READ_EXTERNAL_STORAGE" />
14-->src\main\AndroidManifest.xml:35:5-79
14-->src\main\AndroidManifest.xml:35:22-77
15    <uses-permission android:name="android.permission.MANAGE_EXTERNAL_STORAGE" />
15-->src\main\AndroidManifest.xml:36:5-37:39
15-->src\main\AndroidManifest.xml:36:22-79
16    <uses-permission android:name="com.google.android.gms.permission.AD_ID" /> <!-- Android package visibility setting -->
16-->[com.google.android.gms:play-services-ads-lite:20.6.0] AndroidManifest.xml:25:5-79
16-->[com.google.android.gms:play-services-ads-lite:20.6.0] AndroidManifest.xml:25:22-76
17    <queries>
17-->[com.google.android.gms:play-services-ads-lite:20.6.0] AndroidManifest.xml:28:5-44:15
18
19        <!-- For browser content -->
20        <intent>
20-->[com.google.android.gms:play-services-ads-lite:20.6.0] AndroidManifest.xml:31:9-37:18
21            <action android:name="android.intent.action.VIEW" />
21-->[com.google.android.gms:play-services-ads-lite:20.6.0] AndroidManifest.xml:32:13-65
21-->[com.google.android.gms:play-services-ads-lite:20.6.0] AndroidManifest.xml:32:21-62
22
23            <category android:name="android.intent.category.BROWSABLE" />
23-->[com.google.android.gms:play-services-ads-lite:20.6.0] AndroidManifest.xml:34:13-74
23-->[com.google.android.gms:play-services-ads-lite:20.6.0] AndroidManifest.xml:34:23-71
24
25            <data android:scheme="https" />
25-->[com.google.android.gms:play-services-ads-lite:20.6.0] AndroidManifest.xml:36:13-44
25-->[com.google.android.gms:play-services-ads-lite:20.6.0] AndroidManifest.xml:36:19-41
26        </intent>
27        <!-- End of browser content -->
28        <!-- For CustomTabsService -->
29        <intent>
29-->[com.google.android.gms:play-services-ads-lite:20.6.0] AndroidManifest.xml:40:9-42:18
30            <action android:name="android.support.customtabs.action.CustomTabsService" />
30-->[com.google.android.gms:play-services-ads-lite:20.6.0] AndroidManifest.xml:41:13-90
30-->[com.google.android.gms:play-services-ads-lite:20.6.0] AndroidManifest.xml:41:21-87
31        </intent>
32        <!-- End of CustomTabsService -->
33    </queries>
34
35    <uses-permission android:name="android.permission.WAKE_LOCK" />
35-->[com.google.android.gms:play-services-measurement-sdk-api:18.0.3] AndroidManifest.xml:25:5-68
35-->[com.google.android.gms:play-services-measurement-sdk-api:18.0.3] AndroidManifest.xml:25:22-65
36    <uses-permission android:name="android.permission.RECEIVE_BOOT_COMPLETED" />
36-->[androidx.work:work-runtime:2.7.0] AndroidManifest.xml:27:5-81
36-->[androidx.work:work-runtime:2.7.0] AndroidManifest.xml:27:22-78
37    <uses-permission android:name="android.permission.FOREGROUND_SERVICE" />
37-->[androidx.work:work-runtime:2.7.0] AndroidManifest.xml:28:5-77
37-->[androidx.work:work-runtime:2.7.0] AndroidManifest.xml:28:22-74
38
39    <application
39-->src\main\AndroidManifest.xml:6:5-31:19
40        android:allowBackup="true"
40-->src\main\AndroidManifest.xml:7:9-35
41        android:appComponentFactory="androidx.core.app.CoreComponentFactory"
41-->[androidx.core:core:1.7.0] AndroidManifest.xml:24:18-86
42        android:debuggable="true"
43        android:icon="@mipmap/ic_launcher"
43-->src\main\AndroidManifest.xml:8:9-43
44        android:label="@string/app_name"
44-->src\main\AndroidManifest.xml:9:9-41
45        android:networkSecurityConfig="@xml/network_security_config"
45-->src\main\AndroidManifest.xml:13:9-69
46        android:requestLegacyExternalStorage="true"
46-->src\main\AndroidManifest.xml:14:9-52
47        android:roundIcon="@mipmap/ic_launcher_round"
47-->src\main\AndroidManifest.xml:10:9-54
48        android:supportsRtl="true"
48-->src\main\AndroidManifest.xml:11:9-35
49        android:testOnly="true"
50        android:theme="@style/Theme.BusSimulationChannel" >
50-->src\main\AndroidManifest.xml:12:9-58
51        >
52        <activity
52-->src\main\AndroidManifest.xml:17:9-27:20
53            android:name="com.bsc.protonbusmodscom.MainActivity"
53-->src\main\AndroidManifest.xml:18:13-41
54            android:configChanges="keyboardHidden|orientation|screenSize"
54-->src\main\AndroidManifest.xml:21:13-74
55            android:exported="true"
55-->src\main\AndroidManifest.xml:19:13-36
56            android:screenOrientation="portrait" >
56-->src\main\AndroidManifest.xml:20:13-49
57            <intent-filter>
57-->src\main\AndroidManifest.xml:22:13-26:29
58                <action android:name="android.intent.action.MAIN" />
58-->src\main\AndroidManifest.xml:23:17-69
58-->src\main\AndroidManifest.xml:23:25-66
59
60                <category android:name="android.intent.category.LAUNCHER" />
60-->src\main\AndroidManifest.xml:25:17-77
60-->src\main\AndroidManifest.xml:25:27-74
61            </intent-filter>
62        </activity>
63
64        <meta-data
64-->src\main\AndroidManifest.xml:28:9-30:69
65            android:name="com.google.android.gms.ads.APPLICATION_ID"
65-->src\main\AndroidManifest.xml:29:13-69
66            android:value="ca-app-pub-8654221348704464~1787398815" />
66-->src\main\AndroidManifest.xml:30:13-67
67
68        <uses-library
68-->[androidx.window:window:1.0.0] AndroidManifest.xml:25:9-27:40
69            android:name="androidx.window.extensions"
69-->[androidx.window:window:1.0.0] AndroidManifest.xml:26:13-54
70            android:required="false" />
70-->[androidx.window:window:1.0.0] AndroidManifest.xml:27:13-37
71        <uses-library
71-->[androidx.window:window:1.0.0] AndroidManifest.xml:28:9-30:40
72            android:name="androidx.window.sidecar"
72-->[androidx.window:window:1.0.0] AndroidManifest.xml:29:13-51
73            android:required="false" /> <!-- Include the AdActivity and InAppPurchaseActivity configChanges and themes. -->
73-->[androidx.window:window:1.0.0] AndroidManifest.xml:30:13-37
74        <activity
74-->[com.google.android.gms:play-services-ads-lite:20.6.0] AndroidManifest.xml:49:9-53:64
75            android:name="com.google.android.gms.ads.AdActivity"
75-->[com.google.android.gms:play-services-ads-lite:20.6.0] AndroidManifest.xml:50:13-65
76            android:configChanges="keyboard|keyboardHidden|orientation|screenLayout|uiMode|screenSize|smallestScreenSize"
76-->[com.google.android.gms:play-services-ads-lite:20.6.0] AndroidManifest.xml:51:13-122
77            android:exported="false"
77-->[com.google.android.gms:play-services-ads-lite:20.6.0] AndroidManifest.xml:52:13-37
78            android:theme="@android:style/Theme.Translucent" />
78-->[com.google.android.gms:play-services-ads-lite:20.6.0] AndroidManifest.xml:53:13-61
79
80        <provider
80-->[com.google.android.gms:play-services-ads-lite:20.6.0] AndroidManifest.xml:55:9-59:39
81            android:name="com.google.android.gms.ads.MobileAdsInitProvider"
81-->[com.google.android.gms:play-services-ads-lite:20.6.0] AndroidManifest.xml:56:13-76
82            android:authorities="com.bsc.protonbusmodscom.mobileadsinitprovider"
82-->[com.google.android.gms:play-services-ads-lite:20.6.0] AndroidManifest.xml:57:13-73
83            android:exported="false"
83-->[com.google.android.gms:play-services-ads-lite:20.6.0] AndroidManifest.xml:58:13-37
84            android:initOrder="100" />
84-->[com.google.android.gms:play-services-ads-lite:20.6.0] AndroidManifest.xml:59:13-36
85
86        <service
86-->[com.google.android.gms:play-services-ads-lite:20.6.0] AndroidManifest.xml:61:9-64:40
87            android:name="com.google.android.gms.ads.AdService"
87-->[com.google.android.gms:play-services-ads-lite:20.6.0] AndroidManifest.xml:62:13-64
88            android:enabled="true"
88-->[com.google.android.gms:play-services-ads-lite:20.6.0] AndroidManifest.xml:63:13-35
89            android:exported="false" />
89-->[com.google.android.gms:play-services-ads-lite:20.6.0] AndroidManifest.xml:64:13-37
90
91        <activity
91-->[com.google.android.gms:play-services-base:17.6.0] AndroidManifest.xml:23:9-26:75
92            android:name="com.google.android.gms.common.api.GoogleApiActivity"
92-->[com.google.android.gms:play-services-base:17.6.0] AndroidManifest.xml:24:13-79
93            android:exported="false"
93-->[com.google.android.gms:play-services-base:17.6.0] AndroidManifest.xml:25:13-37
94            android:theme="@android:style/Theme.Translucent.NoTitleBar" />
94-->[com.google.android.gms:play-services-base:17.6.0] AndroidManifest.xml:26:13-72
95
96        <meta-data
96-->[com.google.android.gms:play-services-basement:17.6.0] AndroidManifest.xml:23:9-25:69
97            android:name="com.google.android.gms.version"
97-->[com.google.android.gms:play-services-basement:17.6.0] AndroidManifest.xml:24:13-58
98            android:value="@integer/google_play_services_version" />
98-->[com.google.android.gms:play-services-basement:17.6.0] AndroidManifest.xml:25:13-66
99
100        <provider
100-->[com.squareup.picasso:picasso:2.8] AndroidManifest.xml:8:9-11:40
101            android:name="com.squareup.picasso.PicassoProvider"
101-->[com.squareup.picasso:picasso:2.8] AndroidManifest.xml:9:13-64
102            android:authorities="com.bsc.protonbusmodscom.com.squareup.picasso"
102-->[com.squareup.picasso:picasso:2.8] AndroidManifest.xml:10:13-72
103            android:exported="false" />
103-->[com.squareup.picasso:picasso:2.8] AndroidManifest.xml:11:13-37
104        <provider
104-->[androidx.emoji2:emoji2:1.0.0] AndroidManifest.xml:26:9-34:20
105            android:name="androidx.startup.InitializationProvider"
105-->[androidx.emoji2:emoji2:1.0.0] AndroidManifest.xml:27:13-67
106            android:authorities="com.bsc.protonbusmodscom.androidx-startup"
106-->[androidx.emoji2:emoji2:1.0.0] AndroidManifest.xml:28:13-68
107            android:exported="false" >
107-->[androidx.emoji2:emoji2:1.0.0] AndroidManifest.xml:29:13-37
108            <meta-data
108-->[androidx.emoji2:emoji2:1.0.0] AndroidManifest.xml:31:13-33:52
109                android:name="androidx.emoji2.text.EmojiCompatInitializer"
109-->[androidx.emoji2:emoji2:1.0.0] AndroidManifest.xml:32:17-75
110                android:value="androidx.startup" />
110-->[androidx.emoji2:emoji2:1.0.0] AndroidManifest.xml:33:17-49
111            <meta-data
111-->[androidx.work:work-runtime:2.7.0] AndroidManifest.xml:36:13-38:52
112                android:name="androidx.work.WorkManagerInitializer"
112-->[androidx.work:work-runtime:2.7.0] AndroidManifest.xml:37:17-68
113                android:value="androidx.startup" />
113-->[androidx.work:work-runtime:2.7.0] AndroidManifest.xml:38:17-49
114            <meta-data
114-->[androidx.lifecycle:lifecycle-process:2.4.0] AndroidManifest.xml:31:13-33:52
115                android:name="androidx.lifecycle.ProcessLifecycleInitializer"
115-->[androidx.lifecycle:lifecycle-process:2.4.0] AndroidManifest.xml:32:17-78
116                android:value="androidx.startup" />
116-->[androidx.lifecycle:lifecycle-process:2.4.0] AndroidManifest.xml:33:17-49
117        </provider>
118
119        <service
119-->[androidx.work:work-runtime:2.7.0] AndroidManifest.xml:41:9-46:35
120            android:name="androidx.work.impl.background.systemalarm.SystemAlarmService"
120-->[androidx.work:work-runtime:2.7.0] AndroidManifest.xml:42:13-88
121            android:directBootAware="false"
121-->[androidx.work:work-runtime:2.7.0] AndroidManifest.xml:43:13-44
122            android:enabled="@bool/enable_system_alarm_service_default"
122-->[androidx.work:work-runtime:2.7.0] AndroidManifest.xml:44:13-72
123            android:exported="false" />
123-->[androidx.work:work-runtime:2.7.0] AndroidManifest.xml:45:13-37
124        <service
124-->[androidx.work:work-runtime:2.7.0] AndroidManifest.xml:47:9-53:35
125            android:name="androidx.work.impl.background.systemjob.SystemJobService"
125-->[androidx.work:work-runtime:2.7.0] AndroidManifest.xml:48:13-84
126            android:directBootAware="false"
126-->[androidx.work:work-runtime:2.7.0] AndroidManifest.xml:49:13-44
127            android:enabled="@bool/enable_system_job_service_default"
127-->[androidx.work:work-runtime:2.7.0] AndroidManifest.xml:50:13-70
128            android:exported="true"
128-->[androidx.work:work-runtime:2.7.0] AndroidManifest.xml:51:13-36
129            android:permission="android.permission.BIND_JOB_SERVICE" />
129-->[androidx.work:work-runtime:2.7.0] AndroidManifest.xml:52:13-69
130        <service
130-->[androidx.work:work-runtime:2.7.0] AndroidManifest.xml:54:9-59:35
131            android:name="androidx.work.impl.foreground.SystemForegroundService"
131-->[androidx.work:work-runtime:2.7.0] AndroidManifest.xml:55:13-81
132            android:directBootAware="false"
132-->[androidx.work:work-runtime:2.7.0] AndroidManifest.xml:56:13-44
133            android:enabled="@bool/enable_system_foreground_service_default"
133-->[androidx.work:work-runtime:2.7.0] AndroidManifest.xml:57:13-77
134            android:exported="false" />
134-->[androidx.work:work-runtime:2.7.0] AndroidManifest.xml:58:13-37
135
136        <receiver
136-->[androidx.work:work-runtime:2.7.0] AndroidManifest.xml:61:9-66:35
137            android:name="androidx.work.impl.utils.ForceStopRunnable$BroadcastReceiver"
137-->[androidx.work:work-runtime:2.7.0] AndroidManifest.xml:62:13-88
138            android:directBootAware="false"
138-->[androidx.work:work-runtime:2.7.0] AndroidManifest.xml:63:13-44
139            android:enabled="true"
139-->[androidx.work:work-runtime:2.7.0] AndroidManifest.xml:64:13-35
140            android:exported="false" />
140-->[androidx.work:work-runtime:2.7.0] AndroidManifest.xml:65:13-37
141        <receiver
141-->[androidx.work:work-runtime:2.7.0] AndroidManifest.xml:67:9-77:20
142            android:name="androidx.work.impl.background.systemalarm.ConstraintProxy$BatteryChargingProxy"
142-->[androidx.work:work-runtime:2.7.0] AndroidManifest.xml:68:13-106
143            android:directBootAware="false"
143-->[androidx.work:work-runtime:2.7.0] AndroidManifest.xml:69:13-44
144            android:enabled="false"
144-->[androidx.work:work-runtime:2.7.0] AndroidManifest.xml:70:13-36
145            android:exported="false" >
145-->[androidx.work:work-runtime:2.7.0] AndroidManifest.xml:71:13-37
146            <intent-filter>
146-->[androidx.work:work-runtime:2.7.0] AndroidManifest.xml:73:13-76:29
147                <action android:name="android.intent.action.ACTION_POWER_CONNECTED" />
147-->[androidx.work:work-runtime:2.7.0] AndroidManifest.xml:74:17-87
147-->[androidx.work:work-runtime:2.7.0] AndroidManifest.xml:74:25-84
148                <action android:name="android.intent.action.ACTION_POWER_DISCONNECTED" />
148-->[androidx.work:work-runtime:2.7.0] AndroidManifest.xml:75:17-90
148-->[androidx.work:work-runtime:2.7.0] AndroidManifest.xml:75:25-87
149            </intent-filter>
150        </receiver>
151        <receiver
151-->[androidx.work:work-runtime:2.7.0] AndroidManifest.xml:78:9-88:20
152            android:name="androidx.work.impl.background.systemalarm.ConstraintProxy$BatteryNotLowProxy"
152-->[androidx.work:work-runtime:2.7.0] AndroidManifest.xml:79:13-104
153            android:directBootAware="false"
153-->[androidx.work:work-runtime:2.7.0] AndroidManifest.xml:80:13-44
154            android:enabled="false"
154-->[androidx.work:work-runtime:2.7.0] AndroidManifest.xml:81:13-36
155            android:exported="false" >
155-->[androidx.work:work-runtime:2.7.0] AndroidManifest.xml:82:13-37
156            <intent-filter>
156-->[androidx.work:work-runtime:2.7.0] AndroidManifest.xml:84:13-87:29
157                <action android:name="android.intent.action.BATTERY_OKAY" />
157-->[androidx.work:work-runtime:2.7.0] AndroidManifest.xml:85:17-77
157-->[androidx.work:work-runtime:2.7.0] AndroidManifest.xml:85:25-74
158                <action android:name="android.intent.action.BATTERY_LOW" />
158-->[androidx.work:work-runtime:2.7.0] AndroidManifest.xml:86:17-76
158-->[androidx.work:work-runtime:2.7.0] AndroidManifest.xml:86:25-73
159            </intent-filter>
160        </receiver>
161        <receiver
161-->[androidx.work:work-runtime:2.7.0] AndroidManifest.xml:89:9-99:20
162            android:name="androidx.work.impl.background.systemalarm.ConstraintProxy$StorageNotLowProxy"
162-->[androidx.work:work-runtime:2.7.0] AndroidManifest.xml:90:13-104
163            android:directBootAware="false"
163-->[androidx.work:work-runtime:2.7.0] AndroidManifest.xml:91:13-44
164            android:enabled="false"
164-->[androidx.work:work-runtime:2.7.0] AndroidManifest.xml:92:13-36
165            android:exported="false" >
165-->[androidx.work:work-runtime:2.7.0] AndroidManifest.xml:93:13-37
166            <intent-filter>
166-->[androidx.work:work-runtime:2.7.0] AndroidManifest.xml:95:13-98:29
167                <action android:name="android.intent.action.DEVICE_STORAGE_LOW" />
167-->[androidx.work:work-runtime:2.7.0] AndroidManifest.xml:96:17-83
167-->[androidx.work:work-runtime:2.7.0] AndroidManifest.xml:96:25-80
168                <action android:name="android.intent.action.DEVICE_STORAGE_OK" />
168-->[androidx.work:work-runtime:2.7.0] AndroidManifest.xml:97:17-82
168-->[androidx.work:work-runtime:2.7.0] AndroidManifest.xml:97:25-79
169            </intent-filter>
170        </receiver>
171        <receiver
171-->[androidx.work:work-runtime:2.7.0] AndroidManifest.xml:100:9-109:20
172            android:name="androidx.work.impl.background.systemalarm.ConstraintProxy$NetworkStateProxy"
172-->[androidx.work:work-runtime:2.7.0] AndroidManifest.xml:101:13-103
173            android:directBootAware="false"
173-->[androidx.work:work-runtime:2.7.0] AndroidManifest.xml:102:13-44
174            android:enabled="false"
174-->[androidx.work:work-runtime:2.7.0] AndroidManifest.xml:103:13-36
175            android:exported="false" >
175-->[androidx.work:work-runtime:2.7.0] AndroidManifest.xml:104:13-37
176            <intent-filter>
176-->[androidx.work:work-runtime:2.7.0] AndroidManifest.xml:106:13-108:29
177                <action android:name="android.net.conn.CONNECTIVITY_CHANGE" />
177-->[androidx.work:work-runtime:2.7.0] AndroidManifest.xml:107:17-79
177-->[androidx.work:work-runtime:2.7.0] AndroidManifest.xml:107:25-76
178            </intent-filter>
179        </receiver>
180        <receiver
180-->[androidx.work:work-runtime:2.7.0] AndroidManifest.xml:110:9-121:20
181            android:name="androidx.work.impl.background.systemalarm.RescheduleReceiver"
181-->[androidx.work:work-runtime:2.7.0] AndroidManifest.xml:111:13-88
182            android:directBootAware="false"
182-->[androidx.work:work-runtime:2.7.0] AndroidManifest.xml:112:13-44
183            android:enabled="false"
183-->[androidx.work:work-runtime:2.7.0] AndroidManifest.xml:113:13-36
184            android:exported="false" >
184-->[androidx.work:work-runtime:2.7.0] AndroidManifest.xml:114:13-37
185            <intent-filter>
185-->[androidx.work:work-runtime:2.7.0] AndroidManifest.xml:116:13-120:29
186                <action android:name="android.intent.action.BOOT_COMPLETED" />
186-->[androidx.work:work-runtime:2.7.0] AndroidManifest.xml:117:17-79
186-->[androidx.work:work-runtime:2.7.0] AndroidManifest.xml:117:25-76
187                <action android:name="android.intent.action.TIME_SET" />
187-->[androidx.work:work-runtime:2.7.0] AndroidManifest.xml:118:17-73
187-->[androidx.work:work-runtime:2.7.0] AndroidManifest.xml:118:25-70
188                <action android:name="android.intent.action.TIMEZONE_CHANGED" />
188-->[androidx.work:work-runtime:2.7.0] AndroidManifest.xml:119:17-81
188-->[androidx.work:work-runtime:2.7.0] AndroidManifest.xml:119:25-78
189            </intent-filter>
190        </receiver>
191        <receiver
191-->[androidx.work:work-runtime:2.7.0] AndroidManifest.xml:122:9-131:20
192            android:name="androidx.work.impl.background.systemalarm.ConstraintProxyUpdateReceiver"
192-->[androidx.work:work-runtime:2.7.0] AndroidManifest.xml:123:13-99
193            android:directBootAware="false"
193-->[androidx.work:work-runtime:2.7.0] AndroidManifest.xml:124:13-44
194            android:enabled="@bool/enable_system_alarm_service_default"
194-->[androidx.work:work-runtime:2.7.0] AndroidManifest.xml:125:13-72
195            android:exported="false" >
195-->[androidx.work:work-runtime:2.7.0] AndroidManifest.xml:126:13-37
196            <intent-filter>
196-->[androidx.work:work-runtime:2.7.0] AndroidManifest.xml:128:13-130:29
197                <action android:name="androidx.work.impl.background.systemalarm.UpdateProxies" />
197-->[androidx.work:work-runtime:2.7.0] AndroidManifest.xml:129:17-98
197-->[androidx.work:work-runtime:2.7.0] AndroidManifest.xml:129:25-95
198            </intent-filter>
199        </receiver>
200        <receiver
200-->[androidx.work:work-runtime:2.7.0] AndroidManifest.xml:132:9-142:20
201            android:name="androidx.work.impl.diagnostics.DiagnosticsReceiver"
201-->[androidx.work:work-runtime:2.7.0] AndroidManifest.xml:133:13-78
202            android:directBootAware="false"
202-->[androidx.work:work-runtime:2.7.0] AndroidManifest.xml:134:13-44
203            android:enabled="true"
203-->[androidx.work:work-runtime:2.7.0] AndroidManifest.xml:135:13-35
204            android:exported="true"
204-->[androidx.work:work-runtime:2.7.0] AndroidManifest.xml:136:13-36
205            android:permission="android.permission.DUMP" >
205-->[androidx.work:work-runtime:2.7.0] AndroidManifest.xml:137:13-57
206            <intent-filter>
206-->[androidx.work:work-runtime:2.7.0] AndroidManifest.xml:139:13-141:29
207                <action android:name="androidx.work.diagnostics.REQUEST_DIAGNOSTICS" />
207-->[androidx.work:work-runtime:2.7.0] AndroidManifest.xml:140:17-88
207-->[androidx.work:work-runtime:2.7.0] AndroidManifest.xml:140:25-85
208            </intent-filter>
209        </receiver>
210
211        <service
211-->[androidx.room:room-runtime:2.2.5] AndroidManifest.xml:25:9-28:40
212            android:name="androidx.room.MultiInstanceInvalidationService"
212-->[androidx.room:room-runtime:2.2.5] AndroidManifest.xml:26:13-74
213            android:directBootAware="true"
213-->[androidx.room:room-runtime:2.2.5] AndroidManifest.xml:27:13-43
214            android:exported="false" />
214-->[androidx.room:room-runtime:2.2.5] AndroidManifest.xml:28:13-37
215    </application>
216
217</manifest>